<?xml version="1.0" encoding="UTF-8"?>
<testng-results ignored="1" total="2" passed="1" failed="0" skipped="0">
  <reporter-output>
  </reporter-output>
  <suite started-at="2023-09-13T10:11:22 EDT" name="My Test Suite" finished-at="2023-09-13T10:12:55 EDT" duration-ms="92835">
    <groups>
      <group name="Regression">
        <method signature="PageSplitSteps.splitPageFromPortal()[pri:0, instance:Portal_LoginPages_and_StepsTestNG.PageSplitSteps@5c20aab9]" name="splitPageFromPortal" class="Portal_LoginPages_and_StepsTestNG.PageSplitSteps"/>
      </group> <!-- Regression -->
    </groups>
    <test started-at="2023-09-13T10:11:22 EDT" name="sendFaxDataFromPortal" finished-at="2023-09-13T10:11:22 EDT" duration-ms="11">
    </test> <!-- sendFaxDataFromPortal -->
    <test started-at="2023-09-13T10:11:22 EDT" name="splitPageFromPortal" finished-at="2023-09-13T10:12:55 EDT" duration-ms="92796">
      <class name="Portal_LoginPages_and_StepsTestNG.PageSplitSteps">
        <test-method is-config="true" signature="beforeMethod(java.lang.reflect.Method)[pri:0, instance:Portal_LoginPages_and_StepsTestNG.PageSplitSteps@5c20aab9]" started-at="2023-09-13T10:11:22 EDT" name="beforeMethod" finished-at="2023-09-13T10:11:22 EDT" duration-ms="12" status="PASS">
          <params>
            <param index="0">
              <value>
                <![CDATA[public void Portal_LoginPages_and_StepsTestNG.PageSplitSteps.splitPageFromPortal() throws java.lang.InterruptedException,java.awt.AWTException,java.sql.SQLException]]>
              </value>
            </param>
          </params>
          <reporter-output>
          </reporter-output>
        </test-method> <!-- beforeMethod -->
        <test-method signature="splitPageFromPortal()[pri:0, instance:Portal_LoginPages_and_StepsTestNG.PageSplitSteps@5c20aab9]" started-at="2023-09-13T10:11:22 EDT" name="splitPageFromPortal" finished-at="2023-09-13T10:12:55 EDT" duration-ms="92749" status="PASS">
          <reporter-output>
          </reporter-output>
        </test-method> <!-- splitPageFromPortal -->
      </class> <!-- Portal_LoginPages_and_StepsTestNG.PageSplitSteps -->
    </test> <!-- splitPageFromPortal -->
  </suite> <!-- My Test Suite -->
</testng-results>
